<?xml version="1.0" encoding="UTF-8"?>
<!-- Generated by org.testng.reporters.JUnitXMLReporter -->
<testsuite ignored="0" hostname="Pc-27" failures="0" tests="10" name="Test" time="21.669" errors="0" timestamp="2022-12-28T11:43:11 IST">
  <testcase classname="tests.CreatePayinApi" name="createPayin" time="8.686"/>
  <testcase classname="tests.CreatePayinApi" name="verifyPayinWithoutAuth" time="0.728"/>
  <testcase classname="tests.CreatePayinApi" name="verifyLargePayment" time="1.264"/>
  <testcase classname="tests.CreatePayinApi" name="verifyMandatoryFieldsOfApi" time="0.731"/>
  <testcase classname="tests.CreatePayinApi" name="verifyCreatePayinApiResBody" time="3.879"/>
  <testcase classname="tests.CreatePayinApi" name="verifyNonAcceptableCurrency" time="0.889"/>
  <testcase classname="tests.GetPayinApi" name="verifyGetPayinApi" time="1.77"/>
  <testcase classname="tests.GetPayinApi" name="verifyResponsePayload" time="2.152"/>
  <testcase classname="tests.GetPayinApi" name="verifyInvalidGetRequest" time="0.7"/>
  <testcase classname="tests.GetPayinApi" name="verifyGetApiWithoutAuth" time="0.695"/>
</testsuite> <!-- Test -->
