<?xml version="1.0" encoding="UTF-8"?>
<!-- Generated by org.testng.reporters.JUnitXMLReporter -->
<testsuite ignored="0" hostname="Pc-27" failures="0" tests="10" name="Test" time="16.236" errors="0" timestamp="2022-12-29T12:33:16 IST">
  <testcase classname="tests.CreatePayinApi" name="createPayin" time="6.027"/>
  <testcase classname="tests.CreatePayinApi" name="verifyPayinWithoutAuth" time="0.748"/>
  <testcase classname="tests.CreatePayinApi" name="verifyLargePayment" time="0.812"/>
  <testcase classname="tests.CreatePayinApi" name="verifyMandatoryFieldsOfApi" time="0.778"/>
  <testcase classname="tests.CreatePayinApi" name="verifyCreatePayinApiResBody" time="2.165"/>
  <testcase classname="tests.CreatePayinApi" name="verifyNonAcceptableCurrency" time="0.728"/>
  <testcase classname="tests.GetPayinApi" name="verifyGetPayinApi" time="1.715"/>
  <testcase classname="tests.GetPayinApi" name="verifyResponsePayload" time="1.741"/>
  <testcase classname="tests.GetPayinApi" name="verifyInvalidGetRequest" time="0.676"/>
  <testcase classname="tests.GetPayinApi" name="verifyGetApiWithoutAuth" time="0.703"/>
</testsuite> <!-- Test -->
